<?xml version="1.0" encoding="UTF-8"?>
<robot generator="Robot 6.0.2 (Python 3.11.0 on win32)" generated="20230217 17:14:18.430" rpa="false" schemaversion="3">
<suite id="s1" name="Script" source="C:\Users\latitude\Desktop\Examen_Automatisation2\TestCases\Script.robot">
<test id="s1-t1" name="Scenario A" line="15">
<kw name="Cas A" library="Keywords">
<doc>Scénario A lien de recherche avancée</doc>
<kw name="Open Browser" library="SeleniumLibrary">
<arg>${URL}</arg>
<arg>${BROWSER}</arg>
<doc>Opens a new browser instance to the optional ``url``.</doc>
<msg timestamp="20230217 17:14:18.811" level="INFO">Opening browser 'chrome' to base url 'https://www.ebay.com/'.</msg>
<status status="PASS" starttime="20230217 17:14:18.810" endtime="20230217 17:14:22.198"/>
</kw>
<kw name="Maximize Browser Window" library="SeleniumLibrary">
<doc>Maximizes current browser window.</doc>
<status status="PASS" starttime="20230217 17:14:22.198" endtime="20230217 17:14:22.435"/>
</kw>
<kw name="Get Selenium Implicit Wait" library="SeleniumLibrary">
<doc>Gets the implicit wait value used by Selenium.</doc>
<status status="PASS" starttime="20230217 17:14:22.435" endtime="20230217 17:14:22.436"/>
</kw>
<kw name="Click Element" library="SeleniumLibrary">
<arg>${lnk_rechercheAvancer}</arg>
<doc>Click the element identified by ``locator``.</doc>
<msg timestamp="20230217 17:14:22.436" level="INFO">Clicking element '//a[@id='gh-as-a']'.</msg>
<status status="PASS" starttime="20230217 17:14:22.436" endtime="20230217 17:14:24.184"/>
</kw>
<kw name="Page Should Contain" library="SeleniumLibrary">
<arg>Find items</arg>
<doc>Verifies that current page contains ``text``.</doc>
<msg timestamp="20230217 17:14:24.203" level="INFO">Current page contains text 'Find items'.</msg>
<status status="PASS" starttime="20230217 17:14:24.184" endtime="20230217 17:14:24.203"/>
</kw>
<kw name="Close Browser" library="SeleniumLibrary">
<doc>Closes the current browser.</doc>
<status status="PASS" starttime="20230217 17:14:24.203" endtime="20230217 17:14:26.601"/>
</kw>
<status status="PASS" starttime="20230217 17:14:18.810" endtime="20230217 17:14:26.601"/>
</kw>
<status status="PASS" starttime="20230217 17:14:18.809" endtime="20230217 17:14:26.602"/>
</test>
<test id="s1-t2" name="Scenario B" line="17">
<kw name="Cas B" library="Keywords">
<doc>nombre d’éléments de recherche</doc>
<kw name="Open Browser" library="SeleniumLibrary">
<arg>${URL}</arg>
<arg>${BROWSER}</arg>
<doc>Opens a new browser instance to the optional ``url``.</doc>
<msg timestamp="20230217 17:14:26.608" level="INFO">Opening browser 'chrome' to base url 'https://www.ebay.com/'.</msg>
<status status="PASS" starttime="20230217 17:14:26.606" endtime="20230217 17:14:29.552"/>
</kw>
<kw name="Maximize Browser Window" library="SeleniumLibrary">
<doc>Maximizes current browser window.</doc>
<status status="PASS" starttime="20230217 17:14:29.552" endtime="20230217 17:14:29.848"/>
</kw>
<kw name="Get Selenium Implicit Wait" library="SeleniumLibrary">
<doc>Gets the implicit wait value used by Selenium.</doc>
<status status="PASS" starttime="20230217 17:14:29.848" endtime="20230217 17:14:29.848"/>
</kw>
<kw name="Input Text" library="SeleniumLibrary">
<arg>${txt_recherch}</arg>
<arg>${vMot_rechercher}[0]</arg>
<doc>Types the given ``text`` into the text field identified by ``locator``.</doc>
<msg timestamp="20230217 17:14:29.849" level="INFO">Typing text 'Iphone 11' into text field '//input[@id='gh-ac']'.</msg>
<status status="PASS" starttime="20230217 17:14:29.848" endtime="20230217 17:14:30.402"/>
</kw>
<kw name="Click Element" library="SeleniumLibrary">
<arg>${btn_recherchersimple}</arg>
<doc>Click the element identified by ``locator``.</doc>
<msg timestamp="20230217 17:14:30.404" level="INFO">Clicking element '//input[@id='gh-btn']'.</msg>
<status status="PASS" starttime="20230217 17:14:30.403" endtime="20230217 17:14:34.255"/>
</kw>
<kw name="Wait Until Page Contains Element" library="SeleniumLibrary">
<arg>css=.srp-controls__count-heading</arg>
<doc>Waits until the element ``locator`` appears on the current page.</doc>
<status status="PASS" starttime="20230217 17:14:34.255" endtime="20230217 17:14:34.306"/>
</kw>
<kw name="Get Text" library="SeleniumLibrary">
<var>${num_results}</var>
<arg>//h1[contains(text(), 'results for')]/span</arg>
<doc>Returns the text value of the element identified by ``locator``.</doc>
<msg timestamp="20230217 17:14:34.804" level="INFO">${num_results} = 370,000</msg>
<status status="PASS" starttime="20230217 17:14:34.306" endtime="20230217 17:14:34.805"/>
</kw>
<kw name="Page Should Contain" library="SeleniumLibrary">
<arg>results for ${vMot_rechercher}[0]</arg>
<doc>Verifies that current page contains ``text``.</doc>
<msg timestamp="20230217 17:14:35.163" level="INFO">Current page contains text 'results for Iphone 11'.</msg>
<status status="PASS" starttime="20230217 17:14:34.805" endtime="20230217 17:14:35.163"/>
</kw>
<kw name="Should Be True" library="BuiltIn">
<arg>${num_results} &gt;= ${mum_repère}[0]</arg>
<doc>Fails if the given condition is not true.</doc>
<status status="PASS" starttime="20230217 17:14:35.163" endtime="20230217 17:14:35.164"/>
</kw>
<kw name="Close Browser" library="SeleniumLibrary">
<doc>Closes the current browser.</doc>
<status status="PASS" starttime="20230217 17:14:35.164" endtime="20230217 17:14:37.704"/>
</kw>
<status status="PASS" starttime="20230217 17:14:26.606" endtime="20230217 17:14:37.704"/>
</kw>
<status status="PASS" starttime="20230217 17:14:26.604" endtime="20230217 17:14:37.706"/>
</test>
<test id="s1-t3" name="Scenario C" line="19">
<kw name="Cas C" library="Keywords">
<doc>nombre d’éléments de recherche II</doc>
<kw name="Open Browser" library="SeleniumLibrary">
<arg>${URL}</arg>
<arg>${BROWSER}</arg>
<doc>Opens a new browser instance to the optional ``url``.</doc>
<msg timestamp="20230217 17:14:37.719" level="INFO">Opening browser 'chrome' to base url 'https://www.ebay.com/'.</msg>
<status status="PASS" starttime="20230217 17:14:37.715" endtime="20230217 17:14:40.650"/>
</kw>
<kw name="Maximize Browser Window" library="SeleniumLibrary">
<doc>Maximizes current browser window.</doc>
<status status="PASS" starttime="20230217 17:14:40.650" endtime="20230217 17:14:40.884"/>
</kw>
<kw name="Get Selenium Implicit Wait" library="SeleniumLibrary">
<doc>Gets the implicit wait value used by Selenium.</doc>
<status status="PASS" starttime="20230217 17:14:40.884" endtime="20230217 17:14:40.884"/>
</kw>
<kw name="Input Text" library="SeleniumLibrary">
<arg>${txt_recherch}</arg>
<arg>${vMot_rechercher}[1]</arg>
<doc>Types the given ``text`` into the text field identified by ``locator``.</doc>
<msg timestamp="20230217 17:14:40.885" level="INFO">Typing text 'toy Cars' into text field '//input[@id='gh-ac']'.</msg>
<status status="PASS" starttime="20230217 17:14:40.884" endtime="20230217 17:14:42.203"/>
</kw>
<kw name="Click Element" library="SeleniumLibrary">
<arg>//input[@id='gh-btn']</arg>
<doc>Click the element identified by ``locator``.</doc>
<msg timestamp="20230217 17:14:42.204" level="INFO">Clicking element '//input[@id='gh-btn']'.</msg>
<status status="PASS" starttime="20230217 17:14:42.204" endtime="20230217 17:14:44.157"/>
</kw>
<kw name="Wait Until Page Contains Element" library="SeleniumLibrary">
<arg>css=.srp-controls__count-heading</arg>
<doc>Waits until the element ``locator`` appears on the current page.</doc>
<status status="PASS" starttime="20230217 17:14:44.157" endtime="20230217 17:14:44.222"/>
</kw>
<kw name="Get Text" library="SeleniumLibrary">
<var>${num_results}</var>
<arg>//h1[contains(text(), 'results for')]/span</arg>
<doc>Returns the text value of the element identified by ``locator``.</doc>
<msg timestamp="20230217 17:14:44.825" level="INFO">${num_results} = 570,000</msg>
<status status="PASS" starttime="20230217 17:14:44.222" endtime="20230217 17:14:44.825"/>
</kw>
<kw name="Page Should Contain" library="SeleniumLibrary">
<arg>results for ${vMot_rechercher}[1]</arg>
<doc>Verifies that current page contains ``text``.</doc>
<msg timestamp="20230217 17:14:45.050" level="INFO">Current page contains text 'results for toy Cars'.</msg>
<status status="PASS" starttime="20230217 17:14:44.825" endtime="20230217 17:14:45.050"/>
</kw>
<kw name="Should Be True" library="BuiltIn">
<arg>${num_results} &gt;= ${mum_repère}[1]</arg>
<doc>Fails if the given condition is not true.</doc>
<status status="PASS" starttime="20230217 17:14:45.050" endtime="20230217 17:14:45.051"/>
</kw>
<kw name="Close Browser" library="SeleniumLibrary">
<doc>Closes the current browser.</doc>
<status status="PASS" starttime="20230217 17:14:45.051" endtime="20230217 17:14:47.449"/>
</kw>
<status status="PASS" starttime="20230217 17:14:37.714" endtime="20230217 17:14:47.450"/>
</kw>
<status status="PASS" starttime="20230217 17:14:37.711" endtime="20230217 17:14:47.450"/>
</test>
<test id="s1-t4" name="Sscenario D" line="21">
<kw name="Cas D" library="Keywords">
<doc>nombre d’éléments de recherche II</doc>
<kw name="Open Browser" library="SeleniumLibrary">
<arg>${URL}</arg>
<arg>${BROWSER}</arg>
<doc>Opens a new browser instance to the optional ``url``.</doc>
<msg timestamp="20230217 17:14:47.458" level="INFO">Opening browser 'chrome' to base url 'https://www.ebay.com/'.</msg>
<status status="PASS" starttime="20230217 17:14:47.456" endtime="20230217 17:14:51.395"/>
</kw>
<kw name="Maximize Browser Window" library="SeleniumLibrary">
<doc>Maximizes current browser window.</doc>
<status status="PASS" starttime="20230217 17:14:51.396" endtime="20230217 17:14:52.648"/>
</kw>
<kw name="Get Selenium Implicit Wait" library="SeleniumLibrary">
<doc>Gets the implicit wait value used by Selenium.</doc>
<status status="PASS" starttime="20230217 17:14:52.648" endtime="20230217 17:14:52.648"/>
</kw>
<kw name="Input Text" library="SeleniumLibrary">
<arg>${txt_recherch}</arg>
<arg>${vMot_rechercher}[2]</arg>
<doc>Types the given ``text`` into the text field identified by ``locator``.</doc>
<msg timestamp="20230217 17:14:52.649" level="INFO">Typing text 'soap' into text field '//input[@id='gh-ac']'.</msg>
<status status="PASS" starttime="20230217 17:14:52.648" endtime="20230217 17:14:52.774"/>
</kw>
<kw name="Click Element" library="SeleniumLibrary">
<arg>${btn_Allgetegorie}</arg>
<doc>Click the element identified by ``locator``.</doc>
<msg timestamp="20230217 17:14:52.775" level="INFO">Clicking element '//select[@id='gh-cat']'.</msg>
<status status="PASS" starttime="20230217 17:14:52.774" endtime="20230217 17:14:53.217"/>
</kw>
<kw name="Wait Until Element Is Visible" library="SeleniumLibrary">
<arg>${btn_Baby}</arg>
<doc>Waits until the element ``locator`` is visible.</doc>
<status status="PASS" starttime="20230217 17:14:53.217" endtime="20230217 17:14:53.258"/>
</kw>
<kw name="Click Element" library="SeleniumLibrary">
<arg>${btn_Baby}</arg>
<doc>Click the element identified by ``locator``.</doc>
<msg timestamp="20230217 17:14:53.258" level="INFO">Clicking element '//select[@id='gh-cat']//option[@value='2984']'.</msg>
<status status="PASS" starttime="20230217 17:14:53.258" endtime="20230217 17:14:53.434"/>
</kw>
<kw name="Click Element" library="SeleniumLibrary">
<arg>${btn_recherchersimple}</arg>
<doc>Click the element identified by ``locator``.</doc>
<msg timestamp="20230217 17:14:53.435" level="INFO">Clicking element '//input[@id='gh-btn']'.</msg>
<status status="PASS" starttime="20230217 17:14:53.434" endtime="20230217 17:14:55.607"/>
</kw>
<kw name="Wait Until Page Contains Element" library="SeleniumLibrary">
<arg>css=.srp-controls__count-heading</arg>
<doc>Waits until the element ``locator`` appears on the current page.</doc>
<status status="PASS" starttime="20230217 17:14:55.607" endtime="20230217 17:14:55.687"/>
</kw>
<kw name="Get Text" library="SeleniumLibrary">
<var>${num_results}</var>
<arg>//h1[contains(text(), 'results for')]/span</arg>
<doc>Returns the text value of the element identified by ``locator``.</doc>
<msg timestamp="20230217 17:14:56.222" level="INFO">${num_results} = 1,400</msg>
<status status="PASS" starttime="20230217 17:14:55.687" endtime="20230217 17:14:56.222"/>
</kw>
<kw name="Page Should Contain" library="SeleniumLibrary">
<arg>results for ${vMot_rechercher}[2]</arg>
<doc>Verifies that current page contains ``text``.</doc>
<msg timestamp="20230217 17:14:56.258" level="INFO">Current page contains text 'results for soap'.</msg>
<status status="PASS" starttime="20230217 17:14:56.223" endtime="20230217 17:14:56.258"/>
</kw>
<kw name="Should Be True" library="BuiltIn">
<arg>${num_results} &gt;= ${mum_repère}[2]</arg>
<doc>Fails if the given condition is not true.</doc>
<status status="PASS" starttime="20230217 17:14:56.259" endtime="20230217 17:14:56.259"/>
</kw>
<kw name="Close Browser" library="SeleniumLibrary">
<doc>Closes the current browser.</doc>
<status status="PASS" starttime="20230217 17:14:56.259" endtime="20230217 17:14:58.547"/>
</kw>
<status status="PASS" starttime="20230217 17:14:47.455" endtime="20230217 17:14:58.548"/>
</kw>
<status status="PASS" starttime="20230217 17:14:47.453" endtime="20230217 17:14:58.549"/>
</test>
<status status="PASS" starttime="20230217 17:14:18.435" endtime="20230217 17:14:58.551"/>
</suite>
<statistics>
<total>
<stat pass="4" fail="0" skip="0">All Tests</stat>
</total>
<tag>
</tag>
<suite>
<stat pass="4" fail="0" skip="0" id="s1" name="Script">Script</stat>
</suite>
</statistics>
<errors>
</errors>
</robot>
